Arguments: 
  /usr/local/bin/node /usr/local/Cellar/yarn/1.3.2/libexec/bin/yarn.js publish

PATH: 
  /usr/local/bin:/usr/bin:/bin:/usr/sbin:/sbin:/opt/X11/bin:/usr/local/MacGPG2/bin:/Library/Frameworks/Mono.framework/Versions/Current/Commands:/Applications/Wireshark.app/Contents/MacOS:/Users/pt/go/bin:/usr/local/opt/go/libexec/bin:/Users/pt/Library/Python/3.6/bin

Yarn version: 
  1.3.2

Node version: 
  8.9.4

Platform: 
  darwin x64

npm manifest: 
  {
    "name": "node-genrsa",
    "version": "1.0.0",
    "description": "Generate public and private keypair using OpenSSL",
    "main": "dist/index",
    "typings": "dist/index",
    "scripts": {
      "prepublishOnly": "yarn compile",
      "compile": "tsc -p ."
    },
    "repository": {
      "type": "git",
      "url": "http://github.com/Stepsize/node-genrsa.git"
    },
    "author": "Patt-Tom McDonnell <pt@stepsize.com>",
    "license": "MIT",
    "keywords": ["genrsa", "keypair", "openssl", "pem", "rsa"],
    "devDependencies": {
      "@types/node": "^9.4.0",
      "typescript": "^2.6.2"
    },
    "files": [
      "dist/index.js",
      "dist/index.d.ts"
    ]
  }

yarn manifest: 
  No manifest

Lockfile: 
  # THIS IS AN AUTOGENERATED FILE. DO NOT EDIT THIS FILE DIRECTLY.
  # yarn lockfile v1
  
  
  "@types/node@^9.4.0":
    version "9.4.0"
    resolved "https://registry.yarnpkg.com/@types/node/-/node-9.4.0.tgz#b85a0bcf1e1cc84eb4901b7e96966aedc6f078d1"
  
  typescript@^2.6.2:
    version "2.6.2"
    resolved "https://registry.yarnpkg.com/typescript/-/typescript-2.6.2.tgz#3c5b6fd7f6de0914269027f03c0946758f7673a4"

Trace: 
  Error: canceled
      at Interface.<anonymous> (/usr/local/Cellar/yarn/1.3.2/libexec/lib/cli.js:121045:13)
      at emitNone (events.js:106:13)
      at Interface.emit (events.js:208:7)
      at Interface._ttyWrite (readline.js:775:16)
      at ReadStream.onkeypress (readline.js:160:10)
      at emitTwo (events.js:126:13)
      at ReadStream.emit (events.js:214:7)
      at emitKeys (internal/readline.js:420:14)
      at emitKeys.next (<anonymous>)
      at ReadStream.onData (readline.js:1011:36)
